[16:47:14] [main/INFO] (FabricLoader/GameProvider) Loading Minecraft 1.21.5 with Fabric Loader 0.16.14
[16:47:14] [main/INFO] (FabricLoader) Loading 55 mods:
	- fabric-api 0.126.0+1.21.5
	- fabric-api-base 0.4.62+73a52b4b49
	- fabric-api-lookup-api-v1 1.6.96+86c3a9f149
	- fabric-biome-api-v1 16.0.7+2dd063df49
	- fabric-block-api-v1 1.1.0+ed91556f49
	- fabric-block-view-api-v2 1.0.26+aa6d566c49
	- fabric-blockrenderlayer-v1 2.0.16+86c3a9f149
	- fabric-client-gametest-api-v1 4.2.0+dac2d6e349
	- fabric-client-tags-api-v1 1.1.37+86c3a9f149
	- fabric-command-api-v1 1.2.70+f71b366f49
	- fabric-command-api-v2 2.2.49+73a52b4b49
	- fabric-commands-v0 0.2.87+df3654b349
	- fabric-content-registries-v0 10.0.14+3e6c1f7d49
	- fabric-convention-tags-v1 2.1.32+7f945d5b49
	- fabric-convention-tags-v2 2.15.1+0570995b49
	- fabric-crash-report-info-v1 0.3.12+86c3a9f149
	- fabric-data-attachment-api-v1 1.8.3+bc514c4549
	- fabric-data-generation-api-v1 22.4.2+ea72995749
	- fabric-dimensions-v1 4.0.17+3e6c1f7d49
	- fabric-entity-events-v1 2.1.0+3ce7866349
	- fabric-events-interaction-v0 4.0.15+64e3057949
	- fabric-game-rule-api-v1 1.0.70+c327076a49
	- fabric-gametest-api-v1 3.1.3+2a6ec84b49
	- fabric-item-api-v1 11.4.1+e46fd76a49
	- fabric-item-group-api-v1 4.2.9+3459fc6149
	- fabric-key-binding-api-v1 1.0.63+ecf51cdc49
	- fabric-keybindings-v0 0.2.61+df3654b349
	- fabric-lifecycle-events-v1 2.6.0+230071a049
	- fabric-loot-api-v2 3.0.48+3f89f5a549
	- fabric-loot-api-v3 1.0.36+86c3a9f149
	- fabric-message-api-v1 6.1.0+fe971bba49
	- fabric-model-loading-api-v1 5.2.1+5281b90749
	- fabric-networking-api-v1 4.5.0+775be32c49
	- fabric-object-builder-api-v1 21.1.1+b8d6ba7049
	- fabric-particles-v1 4.1.2+112e550e49
	- fabric-recipe-api-v1 8.1.8+3235ab3249
	- fabric-registry-sync-v0 6.1.21+b556383249
	- fabric-renderer-api-v1 6.1.0+5281b90749
	- fabric-renderer-indigo 3.1.0+5281b90749
	- fabric-rendering-data-attachment-v1 0.3.64+73761d2e49
	- fabric-rendering-fluids-v1 3.1.27+86c3a9f149
	- fabric-rendering-v1 11.1.11+5490746649
	- fabric-resource-conditions-api-v1 5.0.21+73a52b4b49
	- fabric-resource-loader-v0 3.1.7+847e5f5c49
	- fabric-screen-api-v1 2.0.46+86c3a9f149
	- fabric-screen-handler-api-v1 1.3.128+c327076a49
	- fabric-sound-api-v1 1.0.38+86c3a9f149
	- fabric-tag-api-v1 1.0.17+ecf51cdc49
	- fabric-transfer-api-v1 5.4.24+7b20cbb049
	- fabric-transitive-access-wideners-v1 6.3.17+f17a180c49
	- fabricloader 0.16.14
	- java 21
	- minecraft 1.21.5
	- mixinextras 0.4.1
	- usernamemod 1.1
[16:47:14] [main/INFO] (FabricLoader/Mixin) SpongePowered MIXIN Subsystem Version=0.8.7 Source=file:/C:/Users/zane3/.gradle/caches/modules-2/files-2.1/net.fabricmc/sponge-mixin/0.15.5+mixin.0.8.7/22f9eb729e216a091673a574a5906dc1b9027fb3/sponge-mixin-0.15.5+mixin.0.8.7.jar Service=Knot/Fabric Env=CLIENT
[16:47:15] [main/INFO] (FabricLoader/Mixin) Loaded Fabric development mappings for mixin remapper!
[16:47:15] [main/INFO] (FabricLoader/Mixin) Compatibility level set to JAVA_21
[16:47:16] [main/INFO] (FabricLoader/MixinExtras|Service) Initializing MixinExtras via com.llamalad7.mixinextras.service.MixinExtrasServiceImpl(version=0.4.1).
[16:47:19] [Datafixer Bootstrap/INFO] (Minecraft) 263 Datafixer optimizations took 1766 milliseconds
[16:47:26] [Render thread/INFO] (Minecraft) Environment: Environment[sessionHost=https://sessionserver.mojang.com, servicesHost=https://api.minecraftservices.com, name=PROD]
[16:47:26] [Render thread/INFO] (Minecraft) Setting user: Player100
[16:47:26] [Render thread/INFO] (Indigo) [Indigo] Registering Indigo renderer!
[16:47:27] [Render thread/INFO] (Minecraft) Backend library: LWJGL version 3.3.3-snapshot
[16:47:27] [Render thread/INFO] (Minecraft) Using optional rendering extensions: GL_KHR_debug, GL_ARB_vertex_attrib_binding, GL_ARB_direct_state_access
[16:47:28] [Render thread/INFO] (Minecraft) Reloading ResourceManager: vanilla, fabric, fabric-api, fabric-api-base, fabric-api-lookup-api-v1, fabric-biome-api-v1, fabric-block-api-v1, fabric-block-view-api-v2, fabric-blockrenderlayer-v1, fabric-client-gametest-api-v1, fabric-client-tags-api-v1, fabric-command-api-v1, fabric-command-api-v2, fabric-commands-v0, fabric-content-registries-v0, fabric-convention-tags-v1, fabric-convention-tags-v2, fabric-crash-report-info-v1, fabric-data-attachment-api-v1, fabric-data-generation-api-v1, fabric-dimensions-v1, fabric-entity-events-v1, fabric-events-interaction-v0, fabric-game-rule-api-v1, fabric-gametest-api-v1, fabric-item-api-v1, fabric-item-group-api-v1, fabric-key-binding-api-v1, fabric-keybindings-v0, fabric-lifecycle-events-v1, fabric-loot-api-v2, fabric-loot-api-v3, fabric-message-api-v1, fabric-model-loading-api-v1, fabric-networking-api-v1, fabric-object-builder-api-v1, fabric-particles-v1, fabric-recipe-api-v1, fabric-registry-sync-v0, fabric-renderer-api-v1, fabric-renderer-indigo, fabric-rendering-data-attachment-v1, fabric-rendering-fluids-v1, fabric-rendering-v1, fabric-resource-conditions-api-v1, fabric-resource-loader-v0, fabric-screen-api-v1, fabric-screen-handler-api-v1, fabric-sound-api-v1, fabric-tag-api-v1, fabric-transfer-api-v1, fabric-transitive-access-wideners-v1, fabricloader
[16:47:28] [Download-1/INFO] (Minecraft) Could not authorize you against Realms server: java.lang.RuntimeException: Failed to parse into SignedJWT: FabricMC
[16:47:28] [Download-1/ERROR] (Minecraft) Failed to fetch Realms feature flags
net.minecraft.client.realms.exception.RealmsServiceException: Realms authentication error with message 'java.lang.RuntimeException: Failed to parse into SignedJWT: FabricMC'
	at knot/net.minecraft.client.realms.RealmsClient.execute(RealmsClient.java:495) ~[minecraft-clientOnly-66d7130b47-1.21.5-net.fabricmc.yarn.1_21_5.1.21.5+build.1-v2.jar:?]
	at knot/net.minecraft.client.realms.RealmsClient.fetchFeatureFlags(RealmsClient.java:177) ~[minecraft-clientOnly-66d7130b47-1.21.5-net.fabricmc.yarn.1_21_5.1.21.5+build.1-v2.jar:?]
	at java.base/java.util.concurrent.CompletableFuture$AsyncSupply.run(CompletableFuture.java:1768) ~[?:?]
	at java.base/java.util.concurrent.ThreadPoolExecutor.runWorker(ThreadPoolExecutor.java:1144) ~[?:?]
	at java.base/java.util.concurrent.ThreadPoolExecutor$Worker.run(ThreadPoolExecutor.java:642) ~[?:?]
	at java.base/java.lang.Thread.run(Thread.java:1583) [?:?]
[16:47:28] [Worker-Main-7/INFO] (Minecraft) Found unifont_all_no_pua-16.0.01.hex, loading
[16:47:29] [Worker-Main-14/INFO] (Minecraft) Found unifont_jp_patch-16.0.01.hex, loading
[16:47:29] [Render thread/WARN] (Minecraft) Found unknown and unsupported uniform Sampler2 in minecraft:pipeline/energy_swirl
[16:47:29] [Render thread/WARN] (Minecraft) Found unknown and unsupported uniform Sampler1 in minecraft:pipeline/energy_swirl
[16:47:30] [Render thread/WARN] (Minecraft) Found unknown and unsupported uniform Sampler2 in minecraft:pipeline/eyes
[16:47:30] [Render thread/WARN] (Minecraft) Found unknown and unsupported uniform Sampler1 in minecraft:pipeline/eyes
[16:47:30] [Render thread/WARN] (Minecraft) Found unknown and unsupported uniform Sampler1 in minecraft:pipeline/armor_cutout_no_cull
[16:47:30] [Render thread/WARN] (Minecraft) Found unknown and unsupported uniform Sampler1 in minecraft:pipeline/entity_no_outline
[16:47:30] [Render thread/WARN] (Minecraft) Found unknown and unsupported uniform Sampler1 in minecraft:pipeline/armor_translucent
[16:47:30] [Render thread/WARN] (Minecraft) Found unknown and unsupported uniform Sampler1 in minecraft:pipeline/armor_decal_cutout_no_cull
[16:47:30] [Render thread/WARN] (Minecraft) Found unknown and unsupported uniform Sampler1 in minecraft:pipeline/breeze_wind
[16:47:30] [Render thread/INFO] (Minecraft) OpenAL initialized on device OpenAL Soft on Speakers (Realtek(R) Audio)
[16:47:30] [Render thread/INFO] (Minecraft) Sound engine started
[16:47:30] [Render thread/INFO] (Minecraft) Created: 1024x512x4 minecraft:textures/atlas/blocks.png-atlas
[16:47:30] [Render thread/INFO] (Minecraft) Created: 256x256x4 minecraft:textures/atlas/signs.png-atlas
[16:47:30] [Render thread/INFO] (Minecraft) Created: 512x512x4 minecraft:textures/atlas/shield_patterns.png-atlas
[16:47:30] [Render thread/INFO] (Minecraft) Created: 512x512x4 minecraft:textures/atlas/banner_patterns.png-atlas
[16:47:30] [Render thread/INFO] (Minecraft) Created: 2048x1024x4 minecraft:textures/atlas/armor_trims.png-atlas
[16:47:30] [Render thread/INFO] (Minecraft) Created: 128x64x4 minecraft:textures/atlas/decorated_pot.png-atlas
[16:47:30] [Render thread/INFO] (Minecraft) Created: 256x256x4 minecraft:textures/atlas/chest.png-atlas
[16:47:30] [Render thread/INFO] (Minecraft) Created: 512x256x4 minecraft:textures/atlas/shulker_boxes.png-atlas
[16:47:30] [Render thread/INFO] (Minecraft) Created: 512x256x4 minecraft:textures/atlas/beds.png-atlas
[16:47:30] [Render thread/INFO] (Minecraft) Created: 64x64x0 minecraft:textures/atlas/map_decorations.png-atlas
[16:47:31] [Render thread/INFO] (Minecraft) Created: 512x256x0 minecraft:textures/atlas/particles.png-atlas
[16:47:31] [Render thread/INFO] (Minecraft) Created: 512x256x0 minecraft:textures/atlas/paintings.png-atlas
[16:47:31] [Render thread/INFO] (Minecraft) Created: 256x128x0 minecraft:textures/atlas/mob_effects.png-atlas
[16:47:31] [Render thread/INFO] (Minecraft) Created: 1024x512x0 minecraft:textures/atlas/gui.png-atlas
[16:47:41] [Render thread/INFO] (Minecraft) Loaded 1373 recipes
[16:47:41] [Render thread/INFO] (Minecraft) Loaded 1484 advancements
[16:47:45] [Render thread/INFO] (Minecraft) [STDOUT]: Username session set: asd
[16:47:46] [Render thread/INFO] (BiomeModificationImpl) Applied 0 biome modifications to 0 of 65 new biomes in 2.242 ms
[16:47:46] [Server thread/INFO] (Minecraft) Starting integrated minecraft server version 1.21.5
[16:47:46] [Server thread/INFO] (Minecraft) Generating keypair
[16:47:50] [Server thread/INFO] (Minecraft) Preparing start region for dimension minecraft:overworld
[16:47:50] [Render thread/INFO] (Minecraft) Preparing spawn area: 2%
[16:47:50] [Render thread/INFO] (Minecraft) Preparing spawn area: 2%
[16:47:51] [Render thread/INFO] (Minecraft) Preparing spawn area: 2%
[16:47:51] [Render thread/INFO] (Minecraft) Preparing spawn area: 18%
[16:47:52] [Render thread/INFO] (Minecraft) Preparing spawn area: 51%
[16:47:52] [Render thread/INFO] (Minecraft) Time elapsed: 2466 ms
[16:47:52] [Server thread/INFO] (Minecraft) Changing view distance to 12, from 10
[16:47:52] [Server thread/INFO] (Minecraft) Changing simulation distance to 12, from 0
[16:47:53] [Server thread/INFO] (Minecraft) asd[local:E:d00503e0] logged in with entity id 2 at (9.5, 81.0, -8.5)
[16:47:53] [Server thread/INFO] (Minecraft) asd joined the game
[16:47:54] [Render thread/INFO] (Minecraft) Loaded 2 advancements
[16:47:55] [Server thread/INFO] (Minecraft) [Not Secure] <asd> asd
[16:47:55] [Render thread/INFO] (Minecraft) [CHAT] <asd> asd
[16:47:58] [Server thread/INFO] (Minecraft) [Not Secure] <asd> teasda
[16:47:58] [Render thread/INFO] (Minecraft) [CHAT] <asd> teasda
[16:47:59] [Server thread/INFO] (Minecraft) Saving and pausing game...
[16:47:59] [Server thread/INFO] (Minecraft) Saving chunks for level 'ServerLevel[sasda]'/minecraft:overworld
[16:47:59] [Server thread/INFO] (Minecraft) Saving chunks for level 'ServerLevel[sasda]'/minecraft:the_nether
[16:47:59] [Server thread/INFO] (Minecraft) Saving chunks for level 'ServerLevel[sasda]'/minecraft:the_end
[16:48:00] [Server thread/INFO] (Minecraft) asd lost connection: Disconnected
[16:48:00] [Server thread/INFO] (Minecraft) asd left the game
[16:48:00] [Server thread/INFO] (Minecraft) Stopping singleplayer server as player logged out
[16:48:00] [Server thread/INFO] (Minecraft) Stopping server
[16:48:00] [Server thread/INFO] (Minecraft) Saving players
[16:48:00] [Server thread/INFO] (Minecraft) Saving worlds
[16:48:00] [Server thread/INFO] (Minecraft) Saving chunks for level 'ServerLevel[sasda]'/minecraft:overworld
[16:48:02] [Server thread/INFO] (Minecraft) Saving chunks for level 'ServerLevel[sasda]'/minecraft:the_nether
[16:48:02] [Server thread/INFO] (Minecraft) Saving chunks for level 'ServerLevel[sasda]'/minecraft:the_end
[16:48:02] [Server thread/INFO] (Minecraft) ThreadedAnvilChunkStorage (sasda): All chunks are saved
[16:48:02] [Server thread/INFO] (Minecraft) ThreadedAnvilChunkStorage (DIM-1): All chunks are saved
[16:48:02] [Server thread/INFO] (Minecraft) ThreadedAnvilChunkStorage (DIM1): All chunks are saved
[16:48:02] [Server thread/INFO] (Minecraft) ThreadedAnvilChunkStorage: All dimensions are saved
[16:49:01] [Render thread/INFO] (Minecraft) Connecting to cea-tower, 25565
[16:49:22] [Render thread/INFO] (Minecraft) Connecting to cea-tower, 25565
[16:49:23] [Render thread/WARN] (Minecraft) Ignoring player info update for unknown player 99b3e902-9022-309d-ae72-5bb19e275ecb ([UPDATE_DISPLAY_NAME])
[16:49:23] [Render thread/INFO] (Minecraft) [System] [CHAT] asd joined the game
[16:49:23] [Render thread/INFO] (Minecraft) Loaded 2 advancements
[16:49:23] [Render thread/INFO] (Minecraft) [System] [CHAT] Welcome Student asd to the server!
[16:49:23] [Render thread/INFO] (Minecraft) Loaded 10 advancements
[16:49:24] [Render thread/INFO] (Minecraft) [Not Secure] [CHAT] Student asd: asd
[16:49:28] [Render thread/INFO] (Minecraft) [System] [CHAT] You do not have access to that command.
[16:49:29] [Render thread/INFO] (Minecraft) [System] [CHAT] You do not have access to that command.
[16:52:53] [Render thread/INFO] (Minecraft) Stopping!
